CRITICAL - 2020-07-04 15:33:35 --> Undefined variable: lokasi
#0 C:\xampp\htdocs\perjalanan-dinas\app\Views\home.php(12): CodeIgniter\Debug\Exceptions->errorHandler(8, 'Undefined varia...', 'C:\\xampp\\htdocs...', 12, Array)
#1 C:\xampp\htdocs\perjalanan-dinas\vendor\codeigniter4\framework\system\View\View.php(246): include('C:\\xampp\\htdocs...')
#2 C:\xampp\htdocs\perjalanan-dinas\vendor\codeigniter4\framework\system\Common.php(1087): CodeIgniter\View\View->render('home', Array, true)
#3 C:\xampp\htdocs\perjalanan-dinas\app\Controllers\Home.php(7): view('home')
#4 C:\xampp\htdocs\perjalanan-dinas\vendor\codeigniter4\framework\system\CodeIgniter.php(914): App\Controllers\Home->index()
#5 C:\xampp\htdocs\perjalanan-dinas\vendor\codeigniter4\framework\system\CodeIgniter.php(400): CodeIgniter\CodeIgniter->runController(Object(App\Controllers\Home))
#6 C:\xampp\htdocs\perjalanan-dinas\vendor\codeigniter4\framework\system\CodeIgniter.php(308): CodeIgniter\CodeIgniter->handleRequest(NULL, Object(Config\Cache), false)
#7 C:\xampp\htdocs\perjalanan-dinas\public\index.php(45): CodeIgniter\CodeIgniter->run()
#8 C:\xampp\htdocs\perjalanan-dinas\vendor\codeigniter4\framework\system\Commands\Server\rewrite.php(34): require_once('C:\\xampp\\htdocs...')
#9 {main}
CRITICAL - 2020-07-04 15:35:20 --> Undefined variable: notif
#0 C:\xampp\htdocs\perjalanan-dinas\app\Views\home.php(94): CodeIgniter\Debug\Exceptions->errorHandler(8, 'Undefined varia...', 'C:\\xampp\\htdocs...', 94, Array)
#1 C:\xampp\htdocs\perjalanan-dinas\vendor\codeigniter4\framework\system\View\View.php(246): include('C:\\xampp\\htdocs...')
#2 C:\xampp\htdocs\perjalanan-dinas\vendor\codeigniter4\framework\system\Common.php(1087): CodeIgniter\View\View->render('home', Array, true)
#3 C:\xampp\htdocs\perjalanan-dinas\app\Controllers\Home.php(11): view('home', Array)
#4 C:\xampp\htdocs\perjalanan-dinas\vendor\codeigniter4\framework\system\CodeIgniter.php(914): App\Controllers\Home->index()
#5 C:\xampp\htdocs\perjalanan-dinas\vendor\codeigniter4\framework\system\CodeIgniter.php(400): CodeIgniter\CodeIgniter->runController(Object(App\Controllers\Home))
#6 C:\xampp\htdocs\perjalanan-dinas\vendor\codeigniter4\framework\system\CodeIgniter.php(308): CodeIgniter\CodeIgniter->handleRequest(NULL, Object(Config\Cache), false)
#7 C:\xampp\htdocs\perjalanan-dinas\public\index.php(45): CodeIgniter\CodeIgniter->run()
#8 C:\xampp\htdocs\perjalanan-dinas\vendor\codeigniter4\framework\system\Commands\Server\rewrite.php(34): require_once('C:\\xampp\\htdocs...')
#9 {main}
CRITICAL - 2020-07-04 15:36:45 --> Undefined variable: jumlah_data
#0 C:\xampp\htdocs\perjalanan-dinas\app\Views\home\dashboard.php(16): CodeIgniter\Debug\Exceptions->errorHandler(8, 'Undefined varia...', 'C:\\xampp\\htdocs...', 16, Array)
#1 C:\xampp\htdocs\perjalanan-dinas\vendor\codeigniter4\framework\system\View\View.php(246): include('C:\\xampp\\htdocs...')
#2 C:\xampp\htdocs\perjalanan-dinas\vendor\codeigniter4\framework\system\Common.php(1087): CodeIgniter\View\View->render('home/dashboard', Array, true)
#3 C:\xampp\htdocs\perjalanan-dinas\app\Views\home.php(313): view('home/dashboard')
#4 C:\xampp\htdocs\perjalanan-dinas\vendor\codeigniter4\framework\system\View\View.php(246): include('C:\\xampp\\htdocs...')
#5 C:\xampp\htdocs\perjalanan-dinas\vendor\codeigniter4\framework\system\Common.php(1087): CodeIgniter\View\View->render('home', Array, true)
#6 C:\xampp\htdocs\perjalanan-dinas\app\Controllers\Home.php(12): view('home', Array)
#7 C:\xampp\htdocs\perjalanan-dinas\vendor\codeigniter4\framework\system\CodeIgniter.php(914): App\Controllers\Home->index()
#8 C:\xampp\htdocs\perjalanan-dinas\vendor\codeigniter4\framework\system\CodeIgniter.php(400): CodeIgniter\CodeIgniter->runController(Object(App\Controllers\Home))
#9 C:\xampp\htdocs\perjalanan-dinas\vendor\codeigniter4\framework\system\CodeIgniter.php(308): CodeIgniter\CodeIgniter->handleRequest(NULL, Object(Config\Cache), false)
#10 C:\xampp\htdocs\perjalanan-dinas\public\index.php(45): CodeIgniter\CodeIgniter->run()
#11 C:\xampp\htdocs\perjalanan-dinas\vendor\codeigniter4\framework\system\Commands\Server\rewrite.php(34): require_once('C:\\xampp\\htdocs...')
#12 {main}
CRITICAL - 2020-07-04 16:36:41 --> Undefined variable: notif
#0 C:\xampp\htdocs\perjalanan-dinas\app\Views\home.php(94): CodeIgniter\Debug\Exceptions->errorHandler(8, 'Undefined varia...', 'C:\\xampp\\htdocs...', 94, Array)
#1 C:\xampp\htdocs\perjalanan-dinas\vendor\codeigniter4\framework\system\View\View.php(246): include('C:\\xampp\\htdocs...')
#2 C:\xampp\htdocs\perjalanan-dinas\vendor\codeigniter4\framework\system\Common.php(1087): CodeIgniter\View\View->render('home', Array, true)
#3 C:\xampp\htdocs\perjalanan-dinas\app\Controllers\Home.php(24): view('home', Array)
#4 C:\xampp\htdocs\perjalanan-dinas\vendor\codeigniter4\framework\system\CodeIgniter.php(914): App\Controllers\Home->data_pegawai()
#5 C:\xampp\htdocs\perjalanan-dinas\vendor\codeigniter4\framework\system\CodeIgniter.php(400): CodeIgniter\CodeIgniter->runController(Object(App\Controllers\Home))
#6 C:\xampp\htdocs\perjalanan-dinas\vendor\codeigniter4\framework\system\CodeIgniter.php(308): CodeIgniter\CodeIgniter->handleRequest(NULL, Object(Config\Cache), false)
#7 C:\xampp\htdocs\perjalanan-dinas\public\index.php(45): CodeIgniter\CodeIgniter->run()
#8 C:\xampp\htdocs\perjalanan-dinas\vendor\codeigniter4\framework\system\Commands\Server\rewrite.php(34): require_once('C:\\xampp\\htdocs...')
#9 {main}
CRITICAL - 2020-07-04 16:37:23 --> Undefined variable: notif
#0 C:\xampp\htdocs\perjalanan-dinas\app\Views\home.php(94): CodeIgniter\Debug\Exceptions->errorHandler(8, 'Undefined varia...', 'C:\\xampp\\htdocs...', 94, Array)
#1 C:\xampp\htdocs\perjalanan-dinas\vendor\codeigniter4\framework\system\View\View.php(246): include('C:\\xampp\\htdocs...')
#2 C:\xampp\htdocs\perjalanan-dinas\vendor\codeigniter4\framework\system\Common.php(1087): CodeIgniter\View\View->render('home', Array, true)
#3 C:\xampp\htdocs\perjalanan-dinas\app\Controllers\Home.php(22): view('home', Array)
#4 C:\xampp\htdocs\perjalanan-dinas\vendor\codeigniter4\framework\system\CodeIgniter.php(914): App\Controllers\Home->data_pegawai()
#5 C:\xampp\htdocs\perjalanan-dinas\vendor\codeigniter4\framework\system\CodeIgniter.php(400): CodeIgniter\CodeIgniter->runController(Object(App\Controllers\Home))
#6 C:\xampp\htdocs\perjalanan-dinas\vendor\codeigniter4\framework\system\CodeIgniter.php(308): CodeIgniter\CodeIgniter->handleRequest(NULL, Object(Config\Cache), false)
#7 C:\xampp\htdocs\perjalanan-dinas\public\index.php(45): CodeIgniter\CodeIgniter->run()
#8 C:\xampp\htdocs\perjalanan-dinas\vendor\codeigniter4\framework\system\Commands\Server\rewrite.php(34): require_once('C:\\xampp\\htdocs...')
#9 {main}
CRITICAL - 2020-07-04 16:39:29 --> Undefined variable: jumlah_data
#0 C:\xampp\htdocs\perjalanan-dinas\app\Views\home\dashboard.php(16): CodeIgniter\Debug\Exceptions->errorHandler(8, 'Undefined varia...', 'C:\\xampp\\htdocs...', 16, Array)
#1 C:\xampp\htdocs\perjalanan-dinas\vendor\codeigniter4\framework\system\View\View.php(246): include('C:\\xampp\\htdocs...')
#2 C:\xampp\htdocs\perjalanan-dinas\vendor\codeigniter4\framework\system\Common.php(1087): CodeIgniter\View\View->render('home/dashboard', Array, true)
#3 C:\xampp\htdocs\perjalanan-dinas\app\Views\home.php(313): view('home/dashboard')
#4 C:\xampp\htdocs\perjalanan-dinas\vendor\codeigniter4\framework\system\View\View.php(246): include('C:\\xampp\\htdocs...')
#5 C:\xampp\htdocs\perjalanan-dinas\vendor\codeigniter4\framework\system\Common.php(1087): CodeIgniter\View\View->render('home', Array, true)
#6 C:\xampp\htdocs\perjalanan-dinas\app\Controllers\Home.php(11): view('home', Array)
#7 C:\xampp\htdocs\perjalanan-dinas\vendor\codeigniter4\framework\system\CodeIgniter.php(914): App\Controllers\Home->index()
#8 C:\xampp\htdocs\perjalanan-dinas\vendor\codeigniter4\framework\system\CodeIgniter.php(400): CodeIgniter\CodeIgniter->runController(Object(App\Controllers\Home))
#9 C:\xampp\htdocs\perjalanan-dinas\vendor\codeigniter4\framework\system\CodeIgniter.php(308): CodeIgniter\CodeIgniter->handleRequest(NULL, Object(Config\Cache), false)
#10 C:\xampp\htdocs\perjalanan-dinas\public\index.php(45): CodeIgniter\CodeIgniter->run()
#11 C:\xampp\htdocs\perjalanan-dinas\vendor\codeigniter4\framework\system\Commands\Server\rewrite.php(34): require_once('C:\\xampp\\htdocs...')
#12 {main}
CRITICAL - 2020-07-04 16:49:30 --> Call to a member function getAnggota() on null
#0 C:\xampp\htdocs\perjalanan-dinas\vendor\codeigniter4\framework\system\CodeIgniter.php(914): App\Controllers\Data->pegawai()
#1 C:\xampp\htdocs\perjalanan-dinas\vendor\codeigniter4\framework\system\CodeIgniter.php(400): CodeIgniter\CodeIgniter->runController(Object(App\Controllers\Data))
#2 C:\xampp\htdocs\perjalanan-dinas\vendor\codeigniter4\framework\system\CodeIgniter.php(308): CodeIgniter\CodeIgniter->handleRequest(NULL, Object(Config\Cache), false)
#3 C:\xampp\htdocs\perjalanan-dinas\public\index.php(45): CodeIgniter\CodeIgniter->run()
#4 C:\xampp\htdocs\perjalanan-dinas\vendor\codeigniter4\framework\system\Commands\Server\rewrite.php(34): require_once('C:\\xampp\\htdocs...')
#5 {main}
CRITICAL - 2020-07-04 16:49:39 --> Call to a member function getPegawai() on null
#0 C:\xampp\htdocs\perjalanan-dinas\vendor\codeigniter4\framework\system\CodeIgniter.php(914): App\Controllers\Data->pegawai()
#1 C:\xampp\htdocs\perjalanan-dinas\vendor\codeigniter4\framework\system\CodeIgniter.php(400): CodeIgniter\CodeIgniter->runController(Object(App\Controllers\Data))
#2 C:\xampp\htdocs\perjalanan-dinas\vendor\codeigniter4\framework\system\CodeIgniter.php(308): CodeIgniter\CodeIgniter->handleRequest(NULL, Object(Config\Cache), false)
#3 C:\xampp\htdocs\perjalanan-dinas\public\index.php(45): CodeIgniter\CodeIgniter->run()
#4 C:\xampp\htdocs\perjalanan-dinas\vendor\codeigniter4\framework\system\Commands\Server\rewrite.php(34): require_once('C:\\xampp\\htdocs...')
#5 {main}
CRITICAL - 2020-07-04 17:02:29 --> Too few arguments to function CodeIgniter\Database\BaseConnection::getFieldNames(), 0 passed in C:\xampp\htdocs\perjalanan-dinas\vendor\codeigniter4\framework\system\Model.php on line 1712 and exactly 1 expected
#0 C:\xampp\htdocs\perjalanan-dinas\vendor\codeigniter4\framework\system\Model.php(1712): CodeIgniter\Database\BaseConnection->getFieldNames()
#1 C:\xampp\htdocs\perjalanan-dinas\app\Models\M_pegawai.php(13): CodeIgniter\Model->__call('getFieldNames', Array)
#2 C:\xampp\htdocs\perjalanan-dinas\app\Controllers\Data.php(34): App\Models\M_pegawai->getPegawai(NULL)
#3 C:\xampp\htdocs\perjalanan-dinas\vendor\codeigniter4\framework\system\CodeIgniter.php(914): App\Controllers\Data->pegawai()
#4 C:\xampp\htdocs\perjalanan-dinas\vendor\codeigniter4\framework\system\CodeIgniter.php(400): CodeIgniter\CodeIgniter->runController(Object(App\Controllers\Data))
#5 C:\xampp\htdocs\perjalanan-dinas\vendor\codeigniter4\framework\system\CodeIgniter.php(308): CodeIgniter\CodeIgniter->handleRequest(NULL, Object(Config\Cache), false)
#6 C:\xampp\htdocs\perjalanan-dinas\public\index.php(45): CodeIgniter\CodeIgniter->run()
#7 C:\xampp\htdocs\perjalanan-dinas\vendor\codeigniter4\framework\system\Commands\Server\rewrite.php(34): require_once('C:\\xampp\\htdocs...')
#8 {main}
CRITICAL - 2020-07-04 17:02:54 --> Undefined variable: table
#0 C:\xampp\htdocs\perjalanan-dinas\app\Models\M_pegawai.php(13): CodeIgniter\Debug\Exceptions->errorHandler(8, 'Undefined varia...', 'C:\\xampp\\htdocs...', 13, Array)
#1 C:\xampp\htdocs\perjalanan-dinas\app\Controllers\Data.php(34): App\Models\M_pegawai->getPegawai(NULL)
#2 C:\xampp\htdocs\perjalanan-dinas\vendor\codeigniter4\framework\system\CodeIgniter.php(914): App\Controllers\Data->pegawai()
#3 C:\xampp\htdocs\perjalanan-dinas\vendor\codeigniter4\framework\system\CodeIgniter.php(400): CodeIgniter\CodeIgniter->runController(Object(App\Controllers\Data))
#4 C:\xampp\htdocs\perjalanan-dinas\vendor\codeigniter4\framework\system\CodeIgniter.php(308): CodeIgniter\CodeIgniter->handleRequest(NULL, Object(Config\Cache), false)
#5 C:\xampp\htdocs\perjalanan-dinas\public\index.php(45): CodeIgniter\CodeIgniter->run()
#6 C:\xampp\htdocs\perjalanan-dinas\vendor\codeigniter4\framework\system\Commands\Server\rewrite.php(34): require_once('C:\\xampp\\htdocs...')
#7 {main}
CRITICAL - 2020-07-04 17:04:34 --> Undefined variable: db
#0 C:\xampp\htdocs\perjalanan-dinas\app\Models\M_pegawai.php(11): CodeIgniter\Debug\Exceptions->errorHandler(8, 'Undefined varia...', 'C:\\xampp\\htdocs...', 11, Array)
#1 C:\xampp\htdocs\perjalanan-dinas\app\Controllers\Data.php(34): App\Models\M_pegawai->getPegawai(NULL)
#2 C:\xampp\htdocs\perjalanan-dinas\vendor\codeigniter4\framework\system\CodeIgniter.php(914): App\Controllers\Data->pegawai()
#3 C:\xampp\htdocs\perjalanan-dinas\vendor\codeigniter4\framework\system\CodeIgniter.php(400): CodeIgniter\CodeIgniter->runController(Object(App\Controllers\Data))
#4 C:\xampp\htdocs\perjalanan-dinas\vendor\codeigniter4\framework\system\CodeIgniter.php(308): CodeIgniter\CodeIgniter->handleRequest(NULL, Object(Config\Cache), false)
#5 C:\xampp\htdocs\perjalanan-dinas\public\index.php(45): CodeIgniter\CodeIgniter->run()
#6 C:\xampp\htdocs\perjalanan-dinas\vendor\codeigniter4\framework\system\Commands\Server\rewrite.php(34): require_once('C:\\xampp\\htdocs...')
#7 {main}
CRITICAL - 2020-07-04 17:04:43 --> Undefined variable: db
#0 C:\xampp\htdocs\perjalanan-dinas\app\Models\M_pegawai.php(11): CodeIgniter\Debug\Exceptions->errorHandler(8, 'Undefined varia...', 'C:\\xampp\\htdocs...', 11, Array)
#1 C:\xampp\htdocs\perjalanan-dinas\app\Controllers\Data.php(34): App\Models\M_pegawai->getPegawai(NULL)
#2 C:\xampp\htdocs\perjalanan-dinas\vendor\codeigniter4\framework\system\CodeIgniter.php(914): App\Controllers\Data->pegawai()
#3 C:\xampp\htdocs\perjalanan-dinas\vendor\codeigniter4\framework\system\CodeIgniter.php(400): CodeIgniter\CodeIgniter->runController(Object(App\Controllers\Data))
#4 C:\xampp\htdocs\perjalanan-dinas\vendor\codeigniter4\framework\system\CodeIgniter.php(308): CodeIgniter\CodeIgniter->handleRequest(NULL, Object(Config\Cache), false)
#5 C:\xampp\htdocs\perjalanan-dinas\public\index.php(45): CodeIgniter\CodeIgniter->run()
#6 C:\xampp\htdocs\perjalanan-dinas\vendor\codeigniter4\framework\system\Commands\Server\rewrite.php(34): require_once('C:\\xampp\\htdocs...')
#7 {main}
CRITICAL - 2020-07-04 17:06:01 --> Undefined variable: table
#0 C:\xampp\htdocs\perjalanan-dinas\app\Models\M_pegawai.php(11): CodeIgniter\Debug\Exceptions->errorHandler(8, 'Undefined varia...', 'C:\\xampp\\htdocs...', 11, Array)
#1 C:\xampp\htdocs\perjalanan-dinas\app\Controllers\Data.php(34): App\Models\M_pegawai->getPegawai(NULL)
#2 C:\xampp\htdocs\perjalanan-dinas\vendor\codeigniter4\framework\system\CodeIgniter.php(914): App\Controllers\Data->pegawai()
#3 C:\xampp\htdocs\perjalanan-dinas\vendor\codeigniter4\framework\system\CodeIgniter.php(400): CodeIgniter\CodeIgniter->runController(Object(App\Controllers\Data))
#4 C:\xampp\htdocs\perjalanan-dinas\vendor\codeigniter4\framework\system\CodeIgniter.php(308): CodeIgniter\CodeIgniter->handleRequest(NULL, Object(Config\Cache), false)
#5 C:\xampp\htdocs\perjalanan-dinas\public\index.php(45): CodeIgniter\CodeIgniter->run()
#6 C:\xampp\htdocs\perjalanan-dinas\vendor\codeigniter4\framework\system\Commands\Server\rewrite.php(34): require_once('C:\\xampp\\htdocs...')
#7 {main}
CRITICAL - 2020-07-04 17:06:15 --> Argument 1 passed to CodeIgniter\Database\BaseConnection::getFieldNames() must be of the type string, object given, called in C:\xampp\htdocs\perjalanan-dinas\vendor\codeigniter4\framework\system\Model.php on line 1712
#0 C:\xampp\htdocs\perjalanan-dinas\vendor\codeigniter4\framework\system\Model.php(1712): CodeIgniter\Database\BaseConnection->getFieldNames(Object(App\Models\M_pegawai))
#1 C:\xampp\htdocs\perjalanan-dinas\app\Models\M_pegawai.php(11): CodeIgniter\Model->__call('getFieldNames', Array)
#2 C:\xampp\htdocs\perjalanan-dinas\app\Controllers\Data.php(34): App\Models\M_pegawai->getPegawai(NULL)
#3 C:\xampp\htdocs\perjalanan-dinas\vendor\codeigniter4\framework\system\CodeIgniter.php(914): App\Controllers\Data->pegawai()
#4 C:\xampp\htdocs\perjalanan-dinas\vendor\codeigniter4\framework\system\CodeIgniter.php(400): CodeIgniter\CodeIgniter->runController(Object(App\Controllers\Data))
#5 C:\xampp\htdocs\perjalanan-dinas\vendor\codeigniter4\framework\system\CodeIgniter.php(308): CodeIgniter\CodeIgniter->handleRequest(NULL, Object(Config\Cache), false)
#6 C:\xampp\htdocs\perjalanan-dinas\public\index.php(45): CodeIgniter\CodeIgniter->run()
#7 C:\xampp\htdocs\perjalanan-dinas\vendor\codeigniter4\framework\system\Commands\Server\rewrite.php(34): require_once('C:\\xampp\\htdocs...')
#8 {main}
CRITICAL - 2020-07-04 17:10:41 --> syntax error, unexpected '=>' (T_DOUBLE_ARROW), expecting ')'
#0 C:\xampp\htdocs\perjalanan-dinas\vendor\codeigniter4\framework\system\Autoloader\Autoloader.php(296): CodeIgniter\Autoloader\Autoloader->requireFile('C:\\xampp\\htdocs...')
#1 C:\xampp\htdocs\perjalanan-dinas\vendor\codeigniter4\framework\system\Autoloader\Autoloader.php(258): CodeIgniter\Autoloader\Autoloader->loadInNamespace('App\\Models\\M_pe...')
#2 [internal function]: CodeIgniter\Autoloader\Autoloader->loadClass('App\\Models\\M_pe...')
#3 [internal function]: spl_autoload_call('App\\Models\\M_pe...')
#4 C:\xampp\htdocs\perjalanan-dinas\vendor\codeigniter4\framework\system\Database\ModelFactory.php(74): class_exists('App\\Models\\M_pe...')
#5 C:\xampp\htdocs\perjalanan-dinas\vendor\codeigniter4\framework\system\Database\ModelFactory.php(35): CodeIgniter\Database\ModelFactory::createClass('App\\Models\\M_pe...', NULL)
#6 C:\xampp\htdocs\perjalanan-dinas\vendor\codeigniter4\framework\system\Common.php(742): CodeIgniter\Database\ModelFactory::get('App\\Models\\M_pe...', false, NULL)
#7 C:\xampp\htdocs\perjalanan-dinas\app\Controllers\Data.php(7): model('App\\Models\\M_pe...', false)
#8 C:\xampp\htdocs\perjalanan-dinas\vendor\codeigniter4\framework\system\CodeIgniter.php(914): App\Controllers\Data->pegawai()
#9 C:\xampp\htdocs\perjalanan-dinas\vendor\codeigniter4\framework\system\CodeIgniter.php(400): CodeIgniter\CodeIgniter->runController(Object(App\Controllers\Data))
#10 C:\xampp\htdocs\perjalanan-dinas\vendor\codeigniter4\framework\system\CodeIgniter.php(308): CodeIgniter\CodeIgniter->handleRequest(NULL, Object(Config\Cache), false)
#11 C:\xampp\htdocs\perjalanan-dinas\public\index.php(45): CodeIgniter\CodeIgniter->run()
#12 C:\xampp\htdocs\perjalanan-dinas\vendor\codeigniter4\framework\system\Commands\Server\rewrite.php(34): require_once('C:\\xampp\\htdocs...')
#13 {main}
CRITICAL - 2020-07-04 17:11:19 --> syntax error, unexpected '=>' (T_DOUBLE_ARROW), expecting ')'
#0 C:\xampp\htdocs\perjalanan-dinas\vendor\codeigniter4\framework\system\Autoloader\Autoloader.php(296): CodeIgniter\Autoloader\Autoloader->requireFile('C:\\xampp\\htdocs...')
#1 C:\xampp\htdocs\perjalanan-dinas\vendor\codeigniter4\framework\system\Autoloader\Autoloader.php(258): CodeIgniter\Autoloader\Autoloader->loadInNamespace('App\\Models\\M_pe...')
#2 [internal function]: CodeIgniter\Autoloader\Autoloader->loadClass('App\\Models\\M_pe...')
#3 [internal function]: spl_autoload_call('App\\Models\\M_pe...')
#4 C:\xampp\htdocs\perjalanan-dinas\vendor\codeigniter4\framework\system\Database\ModelFactory.php(74): class_exists('App\\Models\\M_pe...')
#5 C:\xampp\htdocs\perjalanan-dinas\vendor\codeigniter4\framework\system\Database\ModelFactory.php(35): CodeIgniter\Database\ModelFactory::createClass('App\\Models\\M_pe...', NULL)
#6 C:\xampp\htdocs\perjalanan-dinas\vendor\codeigniter4\framework\system\Common.php(742): CodeIgniter\Database\ModelFactory::get('App\\Models\\M_pe...', false, NULL)
#7 C:\xampp\htdocs\perjalanan-dinas\app\Controllers\Data.php(7): model('App\\Models\\M_pe...', false)
#8 C:\xampp\htdocs\perjalanan-dinas\vendor\codeigniter4\framework\system\CodeIgniter.php(914): App\Controllers\Data->pegawai()
#9 C:\xampp\htdocs\perjalanan-dinas\vendor\codeigniter4\framework\system\CodeIgniter.php(400): CodeIgniter\CodeIgniter->runController(Object(App\Controllers\Data))
#10 C:\xampp\htdocs\perjalanan-dinas\vendor\codeigniter4\framework\system\CodeIgniter.php(308): CodeIgniter\CodeIgniter->handleRequest(NULL, Object(Config\Cache), false)
#11 C:\xampp\htdocs\perjalanan-dinas\public\index.php(45): CodeIgniter\CodeIgniter->run()
#12 C:\xampp\htdocs\perjalanan-dinas\vendor\codeigniter4\framework\system\Commands\Server\rewrite.php(34): require_once('C:\\xampp\\htdocs...')
#13 {main}
CRITICAL - 2020-07-04 17:11:34 --> syntax error, unexpected '=>' (T_DOUBLE_ARROW), expecting ')'
#0 C:\xampp\htdocs\perjalanan-dinas\vendor\codeigniter4\framework\system\Autoloader\Autoloader.php(296): CodeIgniter\Autoloader\Autoloader->requireFile('C:\\xampp\\htdocs...')
#1 C:\xampp\htdocs\perjalanan-dinas\vendor\codeigniter4\framework\system\Autoloader\Autoloader.php(258): CodeIgniter\Autoloader\Autoloader->loadInNamespace('App\\Models\\M_pe...')
#2 [internal function]: CodeIgniter\Autoloader\Autoloader->loadClass('App\\Models\\M_pe...')
#3 [internal function]: spl_autoload_call('App\\Models\\M_pe...')
#4 C:\xampp\htdocs\perjalanan-dinas\vendor\codeigniter4\framework\system\Database\ModelFactory.php(74): class_exists('App\\Models\\M_pe...')
#5 C:\xampp\htdocs\perjalanan-dinas\vendor\codeigniter4\framework\system\Database\ModelFactory.php(35): CodeIgniter\Database\ModelFactory::createClass('App\\Models\\M_pe...', NULL)
#6 C:\xampp\htdocs\perjalanan-dinas\vendor\codeigniter4\framework\system\Common.php(742): CodeIgniter\Database\ModelFactory::get('App\\Models\\M_pe...', false, NULL)
#7 C:\xampp\htdocs\perjalanan-dinas\app\Controllers\Data.php(7): model('App\\Models\\M_pe...', false)
#8 C:\xampp\htdocs\perjalanan-dinas\vendor\codeigniter4\framework\system\CodeIgniter.php(914): App\Controllers\Data->pegawai()
#9 C:\xampp\htdocs\perjalanan-dinas\vendor\codeigniter4\framework\system\CodeIgniter.php(400): CodeIgniter\CodeIgniter->runController(Object(App\Controllers\Data))
#10 C:\xampp\htdocs\perjalanan-dinas\vendor\codeigniter4\framework\system\CodeIgniter.php(308): CodeIgniter\CodeIgniter->handleRequest(NULL, Object(Config\Cache), false)
#11 C:\xampp\htdocs\perjalanan-dinas\public\index.php(45): CodeIgniter\CodeIgniter->run()
#12 C:\xampp\htdocs\perjalanan-dinas\vendor\codeigniter4\framework\system\Commands\Server\rewrite.php(34): require_once('C:\\xampp\\htdocs...')
#13 {main}
CRITICAL - 2020-07-04 17:14:25 --> syntax error, unexpected '''' (T_CONSTANT_ENCAPSED_STRING)
#0 C:\xampp\htdocs\perjalanan-dinas\vendor\codeigniter4\framework\system\Autoloader\Autoloader.php(296): CodeIgniter\Autoloader\Autoloader->requireFile('C:\\xampp\\htdocs...')
#1 C:\xampp\htdocs\perjalanan-dinas\vendor\codeigniter4\framework\system\Autoloader\Autoloader.php(258): CodeIgniter\Autoloader\Autoloader->loadInNamespace('App\\Models\\M_pe...')
#2 [internal function]: CodeIgniter\Autoloader\Autoloader->loadClass('App\\Models\\M_pe...')
#3 [internal function]: spl_autoload_call('App\\Models\\M_pe...')
#4 C:\xampp\htdocs\perjalanan-dinas\vendor\codeigniter4\framework\system\Database\ModelFactory.php(74): class_exists('App\\Models\\M_pe...')
#5 C:\xampp\htdocs\perjalanan-dinas\vendor\codeigniter4\framework\system\Database\ModelFactory.php(35): CodeIgniter\Database\ModelFactory::createClass('App\\Models\\M_pe...', NULL)
#6 C:\xampp\htdocs\perjalanan-dinas\vendor\codeigniter4\framework\system\Common.php(742): CodeIgniter\Database\ModelFactory::get('App\\Models\\M_pe...', false, NULL)
#7 C:\xampp\htdocs\perjalanan-dinas\app\Controllers\Data.php(7): model('App\\Models\\M_pe...', false)
#8 C:\xampp\htdocs\perjalanan-dinas\vendor\codeigniter4\framework\system\CodeIgniter.php(914): App\Controllers\Data->pegawai()
#9 C:\xampp\htdocs\perjalanan-dinas\vendor\codeigniter4\framework\system\CodeIgniter.php(400): CodeIgniter\CodeIgniter->runController(Object(App\Controllers\Data))
#10 C:\xampp\htdocs\perjalanan-dinas\vendor\codeigniter4\framework\system\CodeIgniter.php(308): CodeIgniter\CodeIgniter->handleRequest(NULL, Object(Config\Cache), false)
#11 C:\xampp\htdocs\perjalanan-dinas\public\index.php(45): CodeIgniter\CodeIgniter->run()
#12 C:\xampp\htdocs\perjalanan-dinas\vendor\codeigniter4\framework\system\Commands\Server\rewrite.php(34): require_once('C:\\xampp\\htdocs...')
#13 {main}
CRITICAL - 2020-07-04 17:14:31 --> Undefined variable: dFields
#0 C:\xampp\htdocs\perjalanan-dinas\app\Models\M_pegawai.php(20): CodeIgniter\Debug\Exceptions->errorHandler(8, 'Undefined varia...', 'C:\\xampp\\htdocs...', 20, Array)
#1 C:\xampp\htdocs\perjalanan-dinas\app\Controllers\Data.php(34): App\Models\M_pegawai->getPegawai(NULL)
#2 C:\xampp\htdocs\perjalanan-dinas\vendor\codeigniter4\framework\system\CodeIgniter.php(914): App\Controllers\Data->pegawai()
#3 C:\xampp\htdocs\perjalanan-dinas\vendor\codeigniter4\framework\system\CodeIgniter.php(400): CodeIgniter\CodeIgniter->runController(Object(App\Controllers\Data))
#4 C:\xampp\htdocs\perjalanan-dinas\vendor\codeigniter4\framework\system\CodeIgniter.php(308): CodeIgniter\CodeIgniter->handleRequest(NULL, Object(Config\Cache), false)
#5 C:\xampp\htdocs\perjalanan-dinas\public\index.php(45): CodeIgniter\CodeIgniter->run()
#6 C:\xampp\htdocs\perjalanan-dinas\vendor\codeigniter4\framework\system\Commands\Server\rewrite.php(34): require_once('C:\\xampp\\htdocs...')
#7 {main}
CRITICAL - 2020-07-04 17:17:40 --> Array to string conversion
#0 C:\xampp\htdocs\perjalanan-dinas\app\Models\M_pegawai.php(25): CodeIgniter\Debug\Exceptions->errorHandler(8, 'Array to string...', 'C:\\xampp\\htdocs...', 25, Array)
#1 C:\xampp\htdocs\perjalanan-dinas\app\Controllers\Data.php(34): App\Models\M_pegawai->getPegawai(NULL)
#2 C:\xampp\htdocs\perjalanan-dinas\vendor\codeigniter4\framework\system\CodeIgniter.php(914): App\Controllers\Data->pegawai()
#3 C:\xampp\htdocs\perjalanan-dinas\vendor\codeigniter4\framework\system\CodeIgniter.php(400): CodeIgniter\CodeIgniter->runController(Object(App\Controllers\Data))
#4 C:\xampp\htdocs\perjalanan-dinas\vendor\codeigniter4\framework\system\CodeIgniter.php(308): CodeIgniter\CodeIgniter->handleRequest(NULL, Object(Config\Cache), false)
#5 C:\xampp\htdocs\perjalanan-dinas\public\index.php(45): CodeIgniter\CodeIgniter->run()
#6 C:\xampp\htdocs\perjalanan-dinas\vendor\codeigniter4\framework\system\Commands\Server\rewrite.php(34): require_once('C:\\xampp\\htdocs...')
#7 {main}
CRITICAL - 2020-07-04 17:25:29 --> syntax error, unexpected '=>' (T_DOUBLE_ARROW), expecting ')'
#0 C:\xampp\htdocs\perjalanan-dinas\vendor\codeigniter4\framework\system\Autoloader\Autoloader.php(296): CodeIgniter\Autoloader\Autoloader->requireFile('C:\\xampp\\htdocs...')
#1 C:\xampp\htdocs\perjalanan-dinas\vendor\codeigniter4\framework\system\Autoloader\Autoloader.php(258): CodeIgniter\Autoloader\Autoloader->loadInNamespace('App\\Models\\M_pe...')
#2 [internal function]: CodeIgniter\Autoloader\Autoloader->loadClass('App\\Models\\M_pe...')
#3 [internal function]: spl_autoload_call('App\\Models\\M_pe...')
#4 C:\xampp\htdocs\perjalanan-dinas\vendor\codeigniter4\framework\system\Database\ModelFactory.php(74): class_exists('App\\Models\\M_pe...')
#5 C:\xampp\htdocs\perjalanan-dinas\vendor\codeigniter4\framework\system\Database\ModelFactory.php(35): CodeIgniter\Database\ModelFactory::createClass('App\\Models\\M_pe...', NULL)
#6 C:\xampp\htdocs\perjalanan-dinas\vendor\codeigniter4\framework\system\Common.php(742): CodeIgniter\Database\ModelFactory::get('App\\Models\\M_pe...', false, NULL)
#7 C:\xampp\htdocs\perjalanan-dinas\app\Controllers\Data.php(7): model('App\\Models\\M_pe...', false)
#8 C:\xampp\htdocs\perjalanan-dinas\vendor\codeigniter4\framework\system\CodeIgniter.php(914): App\Controllers\Data->pegawai()
#9 C:\xampp\htdocs\perjalanan-dinas\vendor\codeigniter4\framework\system\CodeIgniter.php(400): CodeIgniter\CodeIgniter->runController(Object(App\Controllers\Data))
#10 C:\xampp\htdocs\perjalanan-dinas\vendor\codeigniter4\framework\system\CodeIgniter.php(308): CodeIgniter\CodeIgniter->handleRequest(NULL, Object(Config\Cache), false)
#11 C:\xampp\htdocs\perjalanan-dinas\public\index.php(45): CodeIgniter\CodeIgniter->run()
#12 C:\xampp\htdocs\perjalanan-dinas\vendor\codeigniter4\framework\system\Commands\Server\rewrite.php(34): require_once('C:\\xampp\\htdocs...')
#13 {main}
