CRITICAL - 2020-07-05 11:42:05 --> Invalid file: home/data_pegawai.php
#0 C:\xampp\htdocs\sppd\vendor\codeigniter4\framework\system\View\View.php(228): CodeIgniter\Exceptions\FrameworkException::forInvalidFile('home/data_pegaw...')
#1 C:\xampp\htdocs\sppd\vendor\codeigniter4\framework\system\Common.php(1087): CodeIgniter\View\View->render('home/data_pegaw...', Array, true)
#2 C:\xampp\htdocs\sppd\app\Views\home.php(311): view('home/data_pegaw...')
#3 C:\xampp\htdocs\sppd\vendor\codeigniter4\framework\system\View\View.php(246): include('C:\\xampp\\htdocs...')
#4 C:\xampp\htdocs\sppd\vendor\codeigniter4\framework\system\Common.php(1087): CodeIgniter\View\View->render('home', Array, true)
#5 C:\xampp\htdocs\sppd\app\Controllers\Home.php(22): view('home', Array)
#6 C:\xampp\htdocs\sppd\vendor\codeigniter4\framework\system\CodeIgniter.php(914): App\Controllers\Home->pegawai()
#7 C:\xampp\htdocs\sppd\vendor\codeigniter4\framework\system\CodeIgniter.php(400): CodeIgniter\CodeIgniter->runController(Object(App\Controllers\Home))
#8 C:\xampp\htdocs\sppd\vendor\codeigniter4\framework\system\CodeIgniter.php(308): CodeIgniter\CodeIgniter->handleRequest(NULL, Object(Config\Cache), false)
#9 C:\xampp\htdocs\sppd\public\index.php(45): CodeIgniter\CodeIgniter->run()
#10 C:\xampp\htdocs\sppd\vendor\codeigniter4\framework\system\Commands\Server\rewrite.php(34): require_once('C:\\xampp\\htdocs...')
#11 {main}
CRITICAL - 2020-07-05 13:16:21 --> Undefined variable: id
#0 C:\xampp\htdocs\sppd\app\Models\M_master.php(17): CodeIgniter\Debug\Exceptions->errorHandler(8, 'Undefined varia...', 'C:\\xampp\\htdocs...', 17, Array)
#1 C:\xampp\htdocs\sppd\app\Controllers\Home.php(22): App\Models\M_master->getData('jab')
#2 C:\xampp\htdocs\sppd\vendor\codeigniter4\framework\system\CodeIgniter.php(914): App\Controllers\Home->pegawai()
#3 C:\xampp\htdocs\sppd\vendor\codeigniter4\framework\system\CodeIgniter.php(400): CodeIgniter\CodeIgniter->runController(Object(App\Controllers\Home))
#4 C:\xampp\htdocs\sppd\vendor\codeigniter4\framework\system\CodeIgniter.php(308): CodeIgniter\CodeIgniter->handleRequest(NULL, Object(Config\Cache), false)
#5 C:\xampp\htdocs\sppd\public\index.php(45): CodeIgniter\CodeIgniter->run()
#6 C:\xampp\htdocs\sppd\vendor\codeigniter4\framework\system\Commands\Server\rewrite.php(34): require_once('C:\\xampp\\htdocs...')
#7 {main}
CRITICAL - 2020-07-05 13:21:24 --> Undefined variable: jabatan
#0 C:\xampp\htdocs\sppd\app\Views\home\pegawai.php(86): CodeIgniter\Debug\Exceptions->errorHandler(8, 'Undefined varia...', 'C:\\xampp\\htdocs...', 86, Array)
#1 C:\xampp\htdocs\sppd\vendor\codeigniter4\framework\system\View\View.php(246): include('C:\\xampp\\htdocs...')
#2 C:\xampp\htdocs\sppd\vendor\codeigniter4\framework\system\Common.php(1087): CodeIgniter\View\View->render('home/pegawai', Array, true)
#3 C:\xampp\htdocs\sppd\app\Views\home.php(311): view('home/pegawai')
#4 C:\xampp\htdocs\sppd\vendor\codeigniter4\framework\system\View\View.php(246): include('C:\\xampp\\htdocs...')
#5 C:\xampp\htdocs\sppd\vendor\codeigniter4\framework\system\Common.php(1087): CodeIgniter\View\View->render('home', Array, true)
#6 C:\xampp\htdocs\sppd\app\Controllers\Home.php(24): view('home', Array)
#7 C:\xampp\htdocs\sppd\vendor\codeigniter4\framework\system\CodeIgniter.php(914): App\Controllers\Home->pegawai()
#8 C:\xampp\htdocs\sppd\vendor\codeigniter4\framework\system\CodeIgniter.php(400): CodeIgniter\CodeIgniter->runController(Object(App\Controllers\Home))
#9 C:\xampp\htdocs\sppd\vendor\codeigniter4\framework\system\CodeIgniter.php(308): CodeIgniter\CodeIgniter->handleRequest(NULL, Object(Config\Cache), false)
#10 C:\xampp\htdocs\sppd\public\index.php(45): CodeIgniter\CodeIgniter->run()
#11 C:\xampp\htdocs\sppd\vendor\codeigniter4\framework\system\Commands\Server\rewrite.php(34): require_once('C:\\xampp\\htdocs...')
#12 {main}
CRITICAL - 2020-07-05 13:24:43 --> syntax error, unexpected '' (T_ENCAPSED_AND_WHITESPACE), expecting '-' or identifier (T_STRING) or variable (T_VARIABLE) or number (T_NUM_STRING)
#0 C:\xampp\htdocs\sppd\vendor\codeigniter4\framework\system\Common.php(1087): CodeIgniter\View\View->render('home/pegawai', Array, true)
#1 C:\xampp\htdocs\sppd\app\Views\home.php(311): view('home/pegawai')
#2 C:\xampp\htdocs\sppd\vendor\codeigniter4\framework\system\View\View.php(246): include('C:\\xampp\\htdocs...')
#3 C:\xampp\htdocs\sppd\vendor\codeigniter4\framework\system\Common.php(1087): CodeIgniter\View\View->render('home', Array, true)
#4 C:\xampp\htdocs\sppd\app\Controllers\Home.php(24): view('home', Array)
#5 C:\xampp\htdocs\sppd\vendor\codeigniter4\framework\system\CodeIgniter.php(914): App\Controllers\Home->pegawai()
#6 C:\xampp\htdocs\sppd\vendor\codeigniter4\framework\system\CodeIgniter.php(400): CodeIgniter\CodeIgniter->runController(Object(App\Controllers\Home))
#7 C:\xampp\htdocs\sppd\vendor\codeigniter4\framework\system\CodeIgniter.php(308): CodeIgniter\CodeIgniter->handleRequest(NULL, Object(Config\Cache), false)
#8 C:\xampp\htdocs\sppd\public\index.php(45): CodeIgniter\CodeIgniter->run()
#9 C:\xampp\htdocs\sppd\vendor\codeigniter4\framework\system\Commands\Server\rewrite.php(34): require_once('C:\\xampp\\htdocs...')
#10 {main}
CRITICAL - 2020-07-05 13:25:06 --> Cannot use object of type stdClass as array
#0 C:\xampp\htdocs\sppd\vendor\codeigniter4\framework\system\View\View.php(246): include()
#1 C:\xampp\htdocs\sppd\vendor\codeigniter4\framework\system\Common.php(1087): CodeIgniter\View\View->render('home/pegawai', Array, true)
#2 C:\xampp\htdocs\sppd\app\Views\home.php(311): view('home/pegawai')
#3 C:\xampp\htdocs\sppd\vendor\codeigniter4\framework\system\View\View.php(246): include('C:\\xampp\\htdocs...')
#4 C:\xampp\htdocs\sppd\vendor\codeigniter4\framework\system\Common.php(1087): CodeIgniter\View\View->render('home', Array, true)
#5 C:\xampp\htdocs\sppd\app\Controllers\Home.php(24): view('home', Array)
#6 C:\xampp\htdocs\sppd\vendor\codeigniter4\framework\system\CodeIgniter.php(914): App\Controllers\Home->pegawai()
#7 C:\xampp\htdocs\sppd\vendor\codeigniter4\framework\system\CodeIgniter.php(400): CodeIgniter\CodeIgniter->runController(Object(App\Controllers\Home))
#8 C:\xampp\htdocs\sppd\vendor\codeigniter4\framework\system\CodeIgniter.php(308): CodeIgniter\CodeIgniter->handleRequest(NULL, Object(Config\Cache), false)
#9 C:\xampp\htdocs\sppd\public\index.php(45): CodeIgniter\CodeIgniter->run()
#10 C:\xampp\htdocs\sppd\vendor\codeigniter4\framework\system\Commands\Server\rewrite.php(34): require_once('C:\\xampp\\htdocs...')
#11 {main}
CRITICAL - 2020-07-05 13:26:10 --> json_decode() expects parameter 1 to be string, array given
#0 [internal function]: CodeIgniter\Debug\Exceptions->errorHandler(2, 'json_decode() e...', 'C:\\xampp\\htdocs...', 22, Array)
#1 C:\xampp\htdocs\sppd\app\Controllers\Home.php(22): json_decode(Array)
#2 C:\xampp\htdocs\sppd\vendor\codeigniter4\framework\system\CodeIgniter.php(914): App\Controllers\Home->pegawai()
#3 C:\xampp\htdocs\sppd\vendor\codeigniter4\framework\system\CodeIgniter.php(400): CodeIgniter\CodeIgniter->runController(Object(App\Controllers\Home))
#4 C:\xampp\htdocs\sppd\vendor\codeigniter4\framework\system\CodeIgniter.php(308): CodeIgniter\CodeIgniter->handleRequest(NULL, Object(Config\Cache), false)
#5 C:\xampp\htdocs\sppd\public\index.php(45): CodeIgniter\CodeIgniter->run()
#6 C:\xampp\htdocs\sppd\vendor\codeigniter4\framework\system\Commands\Server\rewrite.php(34): require_once('C:\\xampp\\htdocs...')
#7 {main}
CRITICAL - 2020-07-05 13:26:25 --> json_decode() expects parameter 1 to be string, array given
#0 [internal function]: CodeIgniter\Debug\Exceptions->errorHandler(2, 'json_decode() e...', 'C:\\xampp\\htdocs...', 22, Array)
#1 C:\xampp\htdocs\sppd\app\Controllers\Home.php(22): json_decode(Array, true)
#2 C:\xampp\htdocs\sppd\vendor\codeigniter4\framework\system\CodeIgniter.php(914): App\Controllers\Home->pegawai()
#3 C:\xampp\htdocs\sppd\vendor\codeigniter4\framework\system\CodeIgniter.php(400): CodeIgniter\CodeIgniter->runController(Object(App\Controllers\Home))
#4 C:\xampp\htdocs\sppd\vendor\codeigniter4\framework\system\CodeIgniter.php(308): CodeIgniter\CodeIgniter->handleRequest(NULL, Object(Config\Cache), false)
#5 C:\xampp\htdocs\sppd\public\index.php(45): CodeIgniter\CodeIgniter->run()
#6 C:\xampp\htdocs\sppd\vendor\codeigniter4\framework\system\Commands\Server\rewrite.php(34): require_once('C:\\xampp\\htdocs...')
#7 {main}
CRITICAL - 2020-07-05 13:26:45 --> Invalid argument supplied for foreach()
#0 C:\xampp\htdocs\sppd\app\Views\home\pegawai.php(85): CodeIgniter\Debug\Exceptions->errorHandler(2, 'Invalid argumen...', 'C:\\xampp\\htdocs...', 85, Array)
#1 C:\xampp\htdocs\sppd\vendor\codeigniter4\framework\system\View\View.php(246): include('C:\\xampp\\htdocs...')
#2 C:\xampp\htdocs\sppd\vendor\codeigniter4\framework\system\Common.php(1087): CodeIgniter\View\View->render('home/pegawai', Array, true)
#3 C:\xampp\htdocs\sppd\app\Views\home.php(311): view('home/pegawai')
#4 C:\xampp\htdocs\sppd\vendor\codeigniter4\framework\system\View\View.php(246): include('C:\\xampp\\htdocs...')
#5 C:\xampp\htdocs\sppd\vendor\codeigniter4\framework\system\Common.php(1087): CodeIgniter\View\View->render('home', Array, true)
#6 C:\xampp\htdocs\sppd\app\Controllers\Home.php(24): view('home', Array)
#7 C:\xampp\htdocs\sppd\vendor\codeigniter4\framework\system\CodeIgniter.php(914): App\Controllers\Home->pegawai()
#8 C:\xampp\htdocs\sppd\vendor\codeigniter4\framework\system\CodeIgniter.php(400): CodeIgniter\CodeIgniter->runController(Object(App\Controllers\Home))
#9 C:\xampp\htdocs\sppd\vendor\codeigniter4\framework\system\CodeIgniter.php(308): CodeIgniter\CodeIgniter->handleRequest(NULL, Object(Config\Cache), false)
#10 C:\xampp\htdocs\sppd\public\index.php(45): CodeIgniter\CodeIgniter->run()
#11 C:\xampp\htdocs\sppd\vendor\codeigniter4\framework\system\Commands\Server\rewrite.php(34): require_once('C:\\xampp\\htdocs...')
#12 {main}
CRITICAL - 2020-07-05 13:26:52 --> Invalid argument supplied for foreach()
#0 C:\xampp\htdocs\sppd\app\Views\home\pegawai.php(85): CodeIgniter\Debug\Exceptions->errorHandler(2, 'Invalid argumen...', 'C:\\xampp\\htdocs...', 85, Array)
#1 C:\xampp\htdocs\sppd\vendor\codeigniter4\framework\system\View\View.php(246): include('C:\\xampp\\htdocs...')
#2 C:\xampp\htdocs\sppd\vendor\codeigniter4\framework\system\Common.php(1087): CodeIgniter\View\View->render('home/pegawai', Array, true)
#3 C:\xampp\htdocs\sppd\app\Views\home.php(311): view('home/pegawai')
#4 C:\xampp\htdocs\sppd\vendor\codeigniter4\framework\system\View\View.php(246): include('C:\\xampp\\htdocs...')
#5 C:\xampp\htdocs\sppd\vendor\codeigniter4\framework\system\Common.php(1087): CodeIgniter\View\View->render('home', Array, true)
#6 C:\xampp\htdocs\sppd\app\Controllers\Home.php(24): view('home', Array)
#7 C:\xampp\htdocs\sppd\vendor\codeigniter4\framework\system\CodeIgniter.php(914): App\Controllers\Home->pegawai()
#8 C:\xampp\htdocs\sppd\vendor\codeigniter4\framework\system\CodeIgniter.php(400): CodeIgniter\CodeIgniter->runController(Object(App\Controllers\Home))
#9 C:\xampp\htdocs\sppd\vendor\codeigniter4\framework\system\CodeIgniter.php(308): CodeIgniter\CodeIgniter->handleRequest(NULL, Object(Config\Cache), false)
#10 C:\xampp\htdocs\sppd\public\index.php(45): CodeIgniter\CodeIgniter->run()
#11 C:\xampp\htdocs\sppd\vendor\codeigniter4\framework\system\Commands\Server\rewrite.php(34): require_once('C:\\xampp\\htdocs...')
#12 {main}
CRITICAL - 2020-07-05 13:27:02 --> Cannot use object of type stdClass as array
#0 C:\xampp\htdocs\sppd\vendor\codeigniter4\framework\system\View\View.php(246): include()
#1 C:\xampp\htdocs\sppd\vendor\codeigniter4\framework\system\Common.php(1087): CodeIgniter\View\View->render('home/pegawai', Array, true)
#2 C:\xampp\htdocs\sppd\app\Views\home.php(311): view('home/pegawai')
#3 C:\xampp\htdocs\sppd\vendor\codeigniter4\framework\system\View\View.php(246): include('C:\\xampp\\htdocs...')
#4 C:\xampp\htdocs\sppd\vendor\codeigniter4\framework\system\Common.php(1087): CodeIgniter\View\View->render('home', Array, true)
#5 C:\xampp\htdocs\sppd\app\Controllers\Home.php(24): view('home', Array)
#6 C:\xampp\htdocs\sppd\vendor\codeigniter4\framework\system\CodeIgniter.php(914): App\Controllers\Home->pegawai()
#7 C:\xampp\htdocs\sppd\vendor\codeigniter4\framework\system\CodeIgniter.php(400): CodeIgniter\CodeIgniter->runController(Object(App\Controllers\Home))
#8 C:\xampp\htdocs\sppd\vendor\codeigniter4\framework\system\CodeIgniter.php(308): CodeIgniter\CodeIgniter->handleRequest(NULL, Object(Config\Cache), false)
#9 C:\xampp\htdocs\sppd\public\index.php(45): CodeIgniter\CodeIgniter->run()
#10 C:\xampp\htdocs\sppd\vendor\codeigniter4\framework\system\Commands\Server\rewrite.php(34): require_once('C:\\xampp\\htdocs...')
#11 {main}
